Release 14.7 - xst P.20131013 (nt)
Copyright (c) 1995-2013 Xilinx, Inc.  All rights reserved.
--> Parameter TMPDIR set to xst/projnav.tmp


Total REAL time to Xst completion: 0.00 secs
Total CPU time to Xst completion: 0.16 secs
 
--> Parameter xsthdpdir set to xst


Total REAL time to Xst completion: 0.00 secs
Total CPU time to Xst completion: 0.17 secs
 
--> Reading design: lcd.prj

TABLE OF CONTENTS
  1) Synthesis Options Summary
  2) HDL Parsing
  3) HDL Elaboration
  4) HDL Synthesis
       4.1) HDL Synthesis Report
  5) Advanced HDL Synthesis
       5.1) Advanced HDL Synthesis Report
  6) Low Level Synthesis
  7) Partition Report
  8) Design Summary
       8.1) Primitive and Black Box Usage
       8.2) Device utilization summary
       8.3) Partition Resource Summary
       8.4) Timing Report
            8.4.1) Clock Information
            8.4.2) Asynchronous Control Signals Information
            8.4.3) Timing Summary
            8.4.4) Timing Details
            8.4.5) Cross Clock Domains Report


=========================================================================
*                      Synthesis Options Summary                        *
=========================================================================
---- Source Parameters
Input File Name                    : "lcd.prj"
Ignore Synthesis Constraint File   : NO

---- Target Parameters
Output File Name                   : "lcd"
Output Format                      : NGC
Target Device                      : xc6slx9-2-tqg144

---- Source Options
Top Module Name                    : lcd
Automatic FSM Extraction           : YES
FSM Encoding Algorithm             : Auto
Safe Implementation                : No
FSM Style                          : LUT
RAM Extraction                     : Yes
RAM Style                          : Auto
ROM Extraction                     : Yes
Shift Register Extraction          : YES
ROM Style                          : Auto
Resource Sharing                   : YES
Asynchronous To Synchronous        : NO
Shift Register Minimum Size        : 2
Use DSP Block                      : Auto
Automatic Register Balancing       : No

---- Target Options
LUT Combining                      : Auto
Reduce Control Sets                : Auto
Add IO Buffers                     : YES
Global Maximum Fanout              : 100000
Add Generic Clock Buffer(BUFG)     : 16
Register Duplication               : YES
Optimize Instantiated Primitives   : NO
Use Clock Enable                   : Auto
Use Synchronous Set                : Auto
Use Synchronous Reset              : Auto
Pack IO Registers into IOBs        : Auto
Equivalent register Removal        : YES

---- General Options
Optimization Goal                  : Speed
Optimization Effort                : 1
Power Reduction                    : NO
Keep Hierarchy                     : No
Netlist Hierarchy                  : As_Optimized
RTL Output                         : Yes
Global Optimization                : AllClockNets
Read Cores                         : YES
Write Timing Constraints           : NO
Cross Clock Analysis               : NO
Hierarchy Separator                : /
Bus Delimiter                      : <>
Case Specifier                     : Maintain
Slice Utilization Ratio            : 100
BRAM Utilization Ratio             : 100
DSP48 Utilization Ratio            : 100
Auto BRAM Packing                  : NO
Slice Utilization Ratio Delta      : 5

=========================================================================


=========================================================================
*                          HDL Parsing                                  *
=========================================================================
Parsing VHDL file "F:\Xilinx\14.7\ISE_DS\LCD\lcd.vhd" into library work
Parsing entity <lcd>.
Parsing architecture <Behavioral> of entity <lcd>.

=========================================================================
*                            HDL Elaboration                            *
=========================================================================

Elaborating entity <lcd> (architecture <Behavioral>) from library <work>.

=========================================================================
*                           HDL Synthesis                               *
=========================================================================

Synthesizing Unit <lcd>.
    Related source file is "F:\Xilinx\14.7\ISE_DS\LCD\lcd.vhd".
    Found 1-bit register for signal <lcd_e>.
    Found 8-bit register for signal <data>.
    Found 32-bit register for signal <j>.
    Found 1-bit register for signal <lcd_rs>.
    Found 32-bit register for signal <i>.
    Found 32-bit adder for signal <i[31]_GND_5_o_add_5_OUT> created at line 142.
    Found 32-bit adder for signal <j[31]_GND_5_o_add_7_OUT> created at line 145.
    Found 32x8-bit Read Only RAM for signal <j[4]_X_5_o_wide_mux_2_OUT>
    Found 32-bit comparator greater for signal <n0001> created at line 137
    Found 32-bit comparator greater for signal <GND_5_o_i[31]_LessThan_5_o> created at line 141
    Found 32-bit comparator greater for signal <n0019> created at line 162
    Summary:
	inferred   1 RAM(s).
	inferred   2 Adder/Subtractor(s).
	inferred  74 D-type flip-flop(s).
	inferred   3 Comparator(s).
	inferred   4 Multiplexer(s).
Unit <lcd> synthesized.

=========================================================================
HDL Synthesis Report

Macro Statistics
# RAMs                                                 : 1
 32x8-bit single-port Read Only RAM                    : 1
# Adders/Subtractors                                   : 2
 32-bit adder                                          : 2
# Registers                                            : 5
 1-bit register                                        : 2
 32-bit register                                       : 2
 8-bit register                                        : 1
# Comparators                                          : 3
 32-bit comparator greater                             : 3
# Multiplexers                                         : 4
 32-bit 2-to-1 multiplexer                             : 4

=========================================================================

=========================================================================
*                       Advanced HDL Synthesis                          *
=========================================================================


Synthesizing (advanced) Unit <lcd>.
The following registers are absorbed into counter <i>: 1 register on signal <i>.
INFO:Xst:3231 - The small RAM <Mram_j[4]_X_5_o_wide_mux_2_OUT> will be implemented on LUTs in order to maximize performance and save block RAM resources. If you want to force its implementation on block, use option/constraint ram_style.
    -----------------------------------------------------------------------
    | ram_type           | Distributed                         |          |
    -----------------------------------------------------------------------
    | Port A                                                              |
    |     aspect ratio   | 32-word x 8-bit                     |          |
    |     weA            | connected to signal <GND>           | high     |
    |     addrA          | connected to signal <j<4:0>>        |          |
    |     diA            | connected to signal <GND>           |          |
    |     doA            | connected to internal node          |          |
    -----------------------------------------------------------------------
Unit <lcd> synthesized (advanced).

=========================================================================
Advanced HDL Synthesis Report

Macro Statistics
# RAMs                                                 : 1
 32x8-bit single-port distributed Read Only RAM        : 1
# Adders/Subtractors                                   : 1
 32-bit adder                                          : 1
# Counters                                             : 1
 32-bit up counter                                     : 1
# Registers                                            : 42
 Flip-Flops                                            : 42
# Comparators                                          : 3
 32-bit comparator greater                             : 3
# Multiplexers                                         : 4
 32-bit 2-to-1 multiplexer                             : 4

=========================================================================

=========================================================================
*                         Low Level Synthesis                           *
=========================================================================

Optimizing unit <lcd> ...

Mapping all equations...
Building and optimizing final netlist ...
Found area constraint ratio of 100 (+ 5) on block lcd, actual ratio is 3.

Final Macro Processing ...

=========================================================================
Final Register Report

Macro Statistics
# Registers                                            : 74
 Flip-Flops                                            : 74

=========================================================================

=========================================================================
*                           Partition Report                            *
=========================================================================

Partition Implementation Status
-------------------------------

  No Partitions were found in this design.

-------------------------------

=========================================================================
*                            Design Summary                             *
=========================================================================

Top Level Output File Name         : lcd.ngc

Primitive and Black Box Usage:
------------------------------
# BELS                             : 324
#      GND                         : 1
#      INV                         : 4
#      LUT1                        : 62
#      LUT2                        : 9
#      LUT3                        : 29
#      LUT4                        : 8
#      LUT5                        : 26
#      LUT6                        : 38
#      MUXCY                       : 82
#      VCC                         : 1
#      XORCY                       : 64
# FlipFlops/Latches                : 74
#      FD                          : 32
#      FDE                         : 8
#      FDR                         : 1
#      FDRE                        : 32
#      FDS                         : 1
# Clock Buffers                    : 1
#      BUFGP                       : 1
# IO Buffers                       : 11
#      OBUF                        : 11

Device utilization summary:
---------------------------

Selected Device : 6slx9tqg144-2 


Slice Logic Utilization: 
 Number of Slice Registers:              74  out of  11440     0%  
 Number of Slice LUTs:                  176  out of   5720     3%  
    Number used as Logic:               176  out of   5720     3%  

Slice Logic Distribution: 
 Number of LUT Flip Flop pairs used:    209
   Number with an unused Flip Flop:     135  out of    209    64%  
   Number with an unused LUT:            33  out of    209    15%  
   Number of fully used LUT-FF pairs:    41  out of    209    19%  
   Number of unique control sets:         5

IO Utilization: 
 Number of IOs:                          12
 Number of bonded IOBs:                  12  out of    102    11%  

Specific Feature Utilization:
 Number of BUFG/BUFGCTRLs:                1  out of     16     6%  

---------------------------
Partition Resource Summary:
---------------------------

  No Partitions were found in this design.

---------------------------


=========================================================================
Timing Report

NOTE: THESE TIMING NUMBERS ARE ONLY A SYNTHESIS ESTIMATE.
      FOR ACCURATE TIMING INFORMATION PLEASE REFER TO THE TRACE REPORT
      GENERATED AFTER PLACE-and-ROUTE.

Clock Information:
------------------
-----------------------------------+------------------------+-------+
Clock Signal                       | Clock buffer(FF name)  | Load  |
-----------------------------------+------------------------+-------+
clk                                | BUFGP                  | 74    |
-----------------------------------+------------------------+-------+

Asynchronous Control Signals Information:
----------------------------------------
No asynchronous control signals found in this design

Timing Summary:
---------------
Speed Grade: -2

   Minimum period: 8.573ns (Maximum Frequency: 116.652MHz)
   Minimum input arrival time before clock: No path found
   Maximum output required time after clock: 4.162ns
   Maximum combinational path delay: No path found

Timing Details:
---------------
All values displayed in nanoseconds (ns)

=========================================================================
Timing constraint: Default period analysis for Clock 'clk'
  Clock period: 8.573ns (frequency: 116.652MHz)
  Total number of paths / destination ports: 24274 / 148
-------------------------------------------------------------------------
Delay:               8.573ns (Levels of Logic = 12)
  Source:            i_5 (FF)
  Destination:       lcd_rs (FF)
  Source Clock:      clk rising
  Destination Clock: clk rising

  Data Path: i_5 to lcd_rs
                                Gate     Net
    Cell:in->out      fanout   Delay   Delay  Logical Name (Net Name)
    ----------------------------------------  ------------
     FDRE:C->Q             3   0.525   1.221  i_5 (i_5)
     LUT6:I0->O            1   0.254   0.958  Mmux_j[31]_j[31]_mux_14_OUT1103 (Mmux_j[31]_j[31]_mux_14_OUT1103)
     LUT4:I0->O           16   0.254   1.182  Mmux_j[31]_j[31]_mux_14_OUT1105 (Mmux_j[31]_j[31]_mux_14_OUT1105)
     LUT6:I5->O            3   0.254   1.196  Mmux_j[31]_j[31]_mux_14_OUT121 (j[31]_j[31]_mux_14_OUT<1>)
     LUT5:I0->O            1   0.254   0.000  Mcompar_n0019_lut<0> (Mcompar_n0019_lut<0>)
     MUXCY:S->O            1   0.215   0.000  Mcompar_n0019_cy<0> (Mcompar_n0019_cy<0>)
     MUXCY:CI->O           1   0.023   0.000  Mcompar_n0019_cy<1> (Mcompar_n0019_cy<1>)
     MUXCY:CI->O           1   0.023   0.000  Mcompar_n0019_cy<2> (Mcompar_n0019_cy<2>)
     MUXCY:CI->O           1   0.023   0.000  Mcompar_n0019_cy<3> (Mcompar_n0019_cy<3>)
     MUXCY:CI->O           1   0.023   0.000  Mcompar_n0019_cy<4> (Mcompar_n0019_cy<4>)
     MUXCY:CI->O           1   0.023   0.000  Mcompar_n0019_cy<5> (Mcompar_n0019_cy<5>)
     MUXCY:CI->O           2   0.023   0.725  Mcompar_n0019_cy<6> (Mcompar_n0019_cy<6>)
     INV:I->O              1   0.255   0.681  Mcompar_n0019_cy<6>_inv_INV_0 (Mcompar_n0019_cy<6>_inv)
     FDR:R                     0.459          lcd_rs
    ----------------------------------------
    Total                      8.573ns (2.610ns logic, 5.963ns route)
                                       (30.4% logic, 69.6% route)

=========================================================================
Timing constraint: Default OFFSET OUT AFTER for Clock 'clk'
  Total number of paths / destination ports: 10 / 10
-------------------------------------------------------------------------
Offset:              4.162ns (Levels of Logic = 1)
  Source:            lcd_e (FF)
  Destination:       lcd_e (PAD)
  Source Clock:      clk rising

  Data Path: lcd_e to lcd_e
                                Gate     Net
    Cell:in->out      fanout   Delay   Delay  Logical Name (Net Name)
    ----------------------------------------  ------------
     FDS:C->Q              2   0.525   0.725  lcd_e (lcd_e_OBUF)
     OBUF:I->O                 2.912          lcd_e_OBUF (lcd_e)
    ----------------------------------------
    Total                      4.162ns (3.437ns logic, 0.725ns route)
                                       (82.6% logic, 17.4% route)

=========================================================================

Cross Clock Domains Report:
--------------------------

Clock to Setup on destination clock clk
---------------+---------+---------+---------+---------+
               | Src:Rise| Src:Fall| Src:Rise| Src:Fall|
Source Clock   |Dest:Rise|Dest:Rise|Dest:Fall|Dest:Fall|
---------------+---------+---------+---------+---------+
clk            |    8.573|         |         |         |
---------------+---------+---------+---------+---------+

=========================================================================


Total REAL time to Xst completion: 6.00 secs
Total CPU time to Xst completion: 6.48 secs
 
--> 

Total memory usage is 233260 kilobytes

Number of errors   :    0 (   0 filtered)
Number of warnings :    0 (   0 filtered)
Number of infos    :    1 (   0 filtered)

